<?xml version="1.0" encoding="UTF-8"?>
<testsuite name="academy.com.CalculatorTest" tests="1" skipped="0" failures="0" errors="0" timestamp="2023-03-13T14:38:41" hostname="MacBook-Pro.local" time="1.182">
  <properties/>
  <testcase name="reminderOfNumbers_shouldReturnReminder()" classname="academy.com.CalculatorTest" time="1.182"/>
  <system-out><![CDATA[]]></system-out>
  <system-err><![CDATA[]]></system-err>
</testsuite>
